  In file included from ast.cpp:1:
  In file included from ./ast.h:2:
  In file included from ./Lexer.h:3:
  In file included from C:\Program Files (x86)\Microsoft Visual Studio\2019\Community\VC\Tools\MSVC\14.27.29110\include\iostream:6:
  In file included from C:\Program Files (x86)\Microsoft Visual Studio\2019\Community\VC\Tools\MSVC\14.27.29110\include\istream:6:
  In file included from C:\Program Files (x86)\Microsoft Visual Studio\2019\Community\VC\Tools\MSVC\14.27.29110\include\ostream:6:
  In file included from C:\Program Files (x86)\Microsoft Visual Studio\2019\Community\VC\Tools\MSVC\14.27.29110\include\ios:6:
  In file included from C:\Program Files (x86)\Microsoft Visual Studio\2019\Community\VC\Tools\MSVC\14.27.29110\include\xlocnum:6:
  In file included from C:\Program Files (x86)\Microsoft Visual Studio\2019\Community\VC\Tools\MSVC\14.27.29110\include\climits:7:
  In file included from C:\Program Files (x86)\Microsoft Visual Studio\2019\Community\VC\Tools\MSVC\14.27.29110\include\yvals.h:7:
  In file included from C:\Program Files (x86)\Microsoft Visual Studio\2019\Community\VC\Tools\MSVC\14.27.29110\include\yvals_core.h:221:
  In file included from C:\Program Files (x86)\Microsoft Visual Studio\2019\Community\VC\Tools\MSVC\14.27.29110\include\crtdefs.h:9:
C:\Program Files (x86)\Microsoft Visual Studio\2019\Community\VC\Tools\MSVC\14.27.29110\include\vcruntime.h(280,54): error : unknown type name 'uintptr_t'; did you mean 'intptr_t'?
C:\Program Files (x86)\Microsoft Visual Studio\2019\Community\VC\Tools\MSVC\14.27.29110\include\vcruntime.h(186,30): message : 'intptr_t' declared here
C:\Program Files (x86)\Microsoft Visual Studio\2019\Community\VC\Tools\MSVC\14.27.29110\include\vcruntime.h(288,8): error : unknown type name 'uintptr_t'; did you mean 'intptr_t'?
C:\Program Files (x86)\Microsoft Visual Studio\2019\Community\VC\Tools\MSVC\14.27.29110\include\vcruntime.h(186,30): message : 'intptr_t' declared here
  In file included from ast.cpp:1:
  In file included from ./ast.h:2:
  In file included from ./Lexer.h:3:
  In file included from C:\Program Files (x86)\Microsoft Visual Studio\2019\Community\VC\Tools\MSVC\14.27.29110\include\iostream:6:
  In file included from C:\Program Files (x86)\Microsoft Visual Studio\2019\Community\VC\Tools\MSVC\14.27.29110\include\istream:6:
  In file included from C:\Program Files (x86)\Microsoft Visual Studio\2019\Community\VC\Tools\MSVC\14.27.29110\include\ostream:6:
  In file included from C:\Program Files (x86)\Microsoft Visual Studio\2019\Community\VC\Tools\MSVC\14.27.29110\include\ios:6:
  In file included from C:\Program Files (x86)\Microsoft Visual Studio\2019\Community\VC\Tools\MSVC\14.27.29110\include\xlocnum:6:
  In file included from C:\Program Files (x86)\Microsoft Visual Studio\2019\Community\VC\Tools\MSVC\14.27.29110\include\climits:7:
  In file included from C:\Program Files (x86)\Microsoft Visual Studio\2019\Community\VC\Tools\MSVC\14.27.29110\include\yvals.h:7:
  In file included from C:\Program Files (x86)\Microsoft Visual Studio\2019\Community\VC\Tools\MSVC\14.27.29110\include\yvals_core.h:221:
  In file included from C:\Program Files (x86)\Microsoft Visual Studio\2019\Community\VC\Tools\MSVC\14.27.29110\include\crtdefs.h:10:
C:\Program Files (x86)\Windows Kits\10\Include\10.0.18362.0\ucrt\corecrt.h(274,20): error : unknown type name 'uintptr_t'; did you mean 'intptr_t'?
C:\Program Files (x86)\Microsoft Visual Studio\2019\Community\VC\Tools\MSVC\14.27.29110\include\vcruntime.h(186,30): message : 'intptr_t' declared here
  In file included from ast.cpp:1:
  In file included from ./ast.h:2:
  In file included from ./Lexer.h:3:
  In file included from C:\Program Files (x86)\Microsoft Visual Studio\2019\Community\VC\Tools\MSVC\14.27.29110\include\iostream:6:
  In file included from C:\Program Files (x86)\Microsoft Visual Studio\2019\Community\VC\Tools\MSVC\14.27.29110\include\istream:6:
  In file included from C:\Program Files (x86)\Microsoft Visual Studio\2019\Community\VC\Tools\MSVC\14.27.29110\include\ostream:6:
  In file included from C:\Program Files (x86)\Microsoft Visual Studio\2019\Community\VC\Tools\MSVC\14.27.29110\include\ios:6:
  In file included from C:\Program Files (x86)\Microsoft Visual Studio\2019\Community\VC\Tools\MSVC\14.27.29110\include\xlocnum:6:
  In file included from C:\Program Files (x86)\Microsoft Visual Studio\2019\Community\VC\Tools\MSVC\14.27.29110\include\climits:7:
  In file included from C:\Program Files (x86)\Microsoft Visual Studio\2019\Community\VC\Tools\MSVC\14.27.29110\include\yvals.h:7:
  In file included from C:\Program Files (x86)\Microsoft Visual Studio\2019\Community\VC\Tools\MSVC\14.27.29110\include\yvals_core.h:221:
  In file included from C:\Program Files (x86)\Microsoft Visual Studio\2019\Community\VC\Tools\MSVC\14.27.29110\include\crtdefs.h:10:
C:\Program Files (x86)\Windows Kits\10\Include\10.0.18362.0\ucrt\corecrt.h(287,16): error : unknown type name 'uintptr_t'; did you mean 'intptr_t'?
C:\Program Files (x86)\Microsoft Visual Studio\2019\Community\VC\Tools\MSVC\14.27.29110\include\vcruntime.h(186,30): message : 'intptr_t' declared here
  In file included from ast.cpp:1:
  In file included from ./ast.h:2:
  In file included from ./Lexer.h:3:
  In file included from C:\Program Files (x86)\Microsoft Visual Studio\2019\Community\VC\Tools\MSVC\14.27.29110\include\iostream:6:
  In file included from C:\Program Files (x86)\Microsoft Visual Studio\2019\Community\VC\Tools\MSVC\14.27.29110\include\istream:6:
  In file included from C:\Program Files (x86)\Microsoft Visual Studio\2019\Community\VC\Tools\MSVC\14.27.29110\include\ostream:6:
  In file included from C:\Program Files (x86)\Microsoft Visual Studio\2019\Community\VC\Tools\MSVC\14.27.29110\include\ios:6:
  In file included from C:\Program Files (x86)\Microsoft Visual Studio\2019\Community\VC\Tools\MSVC\14.27.29110\include\xlocnum:6:
  In file included from C:\Program Files (x86)\Microsoft Visual Studio\2019\Community\VC\Tools\MSVC\14.27.29110\include\climits:7:
  In file included from C:\Program Files (x86)\Microsoft Visual Studio\2019\Community\VC\Tools\MSVC\14.27.29110\include\yvals.h:8:
C:\Program Files (x86)\Windows Kits\10\Include\10.0.18362.0\ucrt\crtdbg.h(631,20): error : unknown type name 'va_list'
C:\Program Files (x86)\Windows Kits\10\Include\10.0.18362.0\ucrt\crtdbg.h(641,20): error : unknown type name 'va_list'
  In file included from ast.cpp:1:
  In file included from ./ast.h:2:
  In file included from ./Lexer.h:3:
  In file included from C:\Program Files (x86)\Microsoft Visual Studio\2019\Community\VC\Tools\MSVC\14.27.29110\include\iostream:6:
  In file included from C:\Program Files (x86)\Microsoft Visual Studio\2019\Community\VC\Tools\MSVC\14.27.29110\include\istream:6:
  In file included from C:\Program Files (x86)\Microsoft Visual Studio\2019\Community\VC\Tools\MSVC\14.27.29110\include\ostream:6:
  In file included from C:\Program Files (x86)\Microsoft Visual Studio\2019\Community\VC\Tools\MSVC\14.27.29110\include\ios:6:
  In file included from C:\Program Files (x86)\Microsoft Visual Studio\2019\Community\VC\Tools\MSVC\14.27.29110\include\xlocnum:7:
  In file included from C:\Program Files (x86)\Microsoft Visual Studio\2019\Community\VC\Tools\MSVC\14.27.29110\include\cmath:8:
  In file included from C:\Program Files (x86)\Microsoft Visual Studio\2019\Community\VC\Tools\MSVC\14.27.29110\include\cstdlib:8:
C:\Program Files (x86)\Windows Kits\10\Include\10.0.18362.0\ucrt\stdlib.h(163,9): error : unknown type name 'uintptr_t'; did you mean 'intptr_t'?
C:\Program Files (x86)\Microsoft Visual Studio\2019\Community\VC\Tools\MSVC\14.27.29110\include\vcruntime.h(186,30): message : 'intptr_t' declared here
  In file included from ast.cpp:1:
  In file included from ./ast.h:2:
  In file included from ./Lexer.h:3:
  In file included from C:\Program Files (x86)\Microsoft Visual Studio\2019\Community\VC\Tools\MSVC\14.27.29110\include\iostream:6:
  In file included from C:\Program Files (x86)\Microsoft Visual Studio\2019\Community\VC\Tools\MSVC\14.27.29110\include\istream:6:
  In file included from C:\Program Files (x86)\Microsoft Visual Studio\2019\Community\VC\Tools\MSVC\14.27.29110\include\ostream:6:
  In file included from C:\Program Files (x86)\Microsoft Visual Studio\2019\Community\VC\Tools\MSVC\14.27.29110\include\ios:6:
  In file included from C:\Program Files (x86)\Microsoft Visual Studio\2019\Community\VC\Tools\MSVC\14.27.29110\include\xlocnum:8:
  In file included from C:\Program Files (x86)\Microsoft Visual Studio\2019\Community\VC\Tools\MSVC\14.27.29110\include\cstdio:8:
  In file included from C:\Program Files (x86)\Windows Kits\10\Include\10.0.18362.0\ucrt\stdio.h:13:
C:\Program Files (x86)\Windows Kits\10\Include\10.0.18362.0\ucrt\corecrt_wstdio.h(274,49): error : unknown type name 'va_list'
C:\Program Files (x86)\Windows Kits\10\Include\10.0.18362.0\ucrt\corecrt_wstdio.h(283,49): error : unknown type name 'va_list'
C:\Program Files (x86)\Windows Kits\10\Include\10.0.18362.0\ucrt\corecrt_wstdio.h(292,49): error : unknown type name 'va_list'
C:\Program Files (x86)\Windows Kits\10\Include\10.0.18362.0\ucrt\corecrt_wstdio.h(300,49): error : unknown type name 'va_list'
C:\Program Files (x86)\Windows Kits\10\Include\10.0.18362.0\ucrt\corecrt_wstdio.h(314,39): error : unknown type name 'va_list'
C:\Program Files (x86)\Windows Kits\10\Include\10.0.18362.0\ucrt\corecrt_wstdio.h(329,49): error : unknown type name 'va_list'
C:\Program Files (x86)\Windows Kits\10\Include\10.0.18362.0\ucrt\corecrt_wstdio.h(345,43): error : unknown type name 'va_list'
C:\Program Files (x86)\Windows Kits\10\Include\10.0.18362.0\ucrt\corecrt_wstdio.h(362,49): error : unknown type name 'va_list'
C:\Program Files (x86)\Windows Kits\10\Include\10.0.18362.0\ucrt\corecrt_wstdio.h(376,39): error : unknown type name 'va_list'
C:\Program Files (x86)\Windows Kits\10\Include\10.0.18362.0\ucrt\corecrt_wstdio.h(390,49): error : unknown type name 'va_list'
C:\Program Files (x86)\Windows Kits\10\Include\10.0.18362.0\ucrt\corecrt_wstdio.h(403,39): error : unknown type name 'va_list'
C:\Program Files (x86)\Windows Kits\10\Include\10.0.18362.0\ucrt\corecrt_wstdio.h(417,49): error : unknown type name 'va_list'
  fatal error: too many errors emitted, stopping now [-ferror-limit=]
